*** Using Compiler 'V5.06 update 7 (build 960)', folder: 'D:\study\STM32\mdk1\ARM\ARMCC\Bin'
Build target 'HERO_CHASSIS'
compiling app_led.cpp...
compiling app_motor.cpp...
compiling RTOSsystem_task.cpp...
compiling app_preference.cpp...
compiling app_serial.cpp...
compiling start_task.cpp...
compiling app_power_ctrl.cpp...
compiling main.cpp...
compiling Correspondence_Task.cpp...
compiling Guard_Task.cpp...
compiling dev_system.cpp...
compiling Message_Task.cpp...
compiling dev_can.cpp...
compiling dev_serial.cpp...
..\Device\dev_serial.cpp(33): warning:  #550-D: variable "temp"  was set but never used
  		int temp;
..\Device\dev_serial.cpp: 1 warning, 0 errors
compiling Chassis_Task.cpp...
..\Task\Chassis_Task.cpp(104): warning:  #174-D: expression has no effect
  	Matrix<3, 1> v0 (CHASSIS_SPEED_GEAR_0);
..\Task\Chassis_Task.cpp(104): warning:  #174-D: expression has no effect
  	Matrix<3, 1> v0 (CHASSIS_SPEED_GEAR_0);
..\Task\Chassis_Task.cpp(105): warning:  #174-D: expression has no effect
      Matrix<3, 1> v1 (CHASSIS_SPEED_GEAR_1);
..\Task\Chassis_Task.cpp(105): warning:  #174-D: expression has no effect
      Matrix<3, 1> v1 (CHASSIS_SPEED_GEAR_1);
..\Task\Chassis_Task.cpp(106): warning:  #174-D: expression has no effect
      Matrix<3, 1> v2 (CHASSIS_SPEED_GEAR_2);
..\Task\Chassis_Task.cpp(106): warning:  #174-D: expression has no effect
      Matrix<3, 1> v2 (CHASSIS_SPEED_GEAR_2);
..\Task\Chassis_Task.cpp(107): warning:  #174-D: expression has no effect
      Matrix<3, 1> v3 (CHASSIS_SPEED_GEAR_3);
..\Task\Chassis_Task.cpp(107): warning:  #174-D: expression has no effect
      Matrix<3, 1> v3 (CHASSIS_SPEED_GEAR_3);
..\Algorithm\inc\algorithm_matrix.hpp(39): warning:  #940-D: missing return statement at end of non-void function "Matrix<Rows, Cols>::operator=" 
    }
..\Task\Chassis_Task.cpp: 9 warnings, 0 errors
compiling UIDraw_Task.cpp...
compiling croutine.c...
compiling list.c...
compiling event_groups.c...
compiling queue.c...
compiling heap_4.c...
compiling timers.c...
compiling tasks.c...
compiling port.c...
compiling protocol_ui.cpp...
compiling protocol_crc.cpp...
compiling protocol_judgement.cpp...
compiling protocol_dbus.cpp...
compiling platform_exti.c...
compiling platform_systick.c...
compiling platform_io.c...
compiling platform_pwm.c...
compiling drivers_state_machines.cpp...
compiling drivers_dma.cpp...
compiling drivers_buffer.cpp...
compiling platform_timer.c...
compiling drivers_led.cpp...
compiling drivers_can.cpp...
compiling drivers_remote.cpp...
compiling drivers_serial.cpp...
compiling algorithm_pid.cpp...
compiling misc.c...
compiling stm32f4xx_exti.c...
compiling stm32f4xx_dma.c...
compiling algorithm_user_lib.cpp...
compiling stm32f4xx_gpio.c...
compiling stm32f4xx_rcc.c...
compiling stm32f4xx_flash.c...
assembling startup_stm32f427xx.s...
compiling stm32f4xx_usart.c...
compiling stm32f4xx_syscfg.c...
compiling stm32f4xx_can.c...
compiling stm32f4xx_tim.c...
compiling stm32f4xx_iwdg.c...
compiling retarget_io.c...
compiling stm32f4xx_it.c...
compiling system_stm32f4xx.c...
linking...
Program Size: Code=29486 RO-data=6314 RW-data=360 ZI-data=139960  
".\Objects\HERO_CHASSIS.axf" - 0 Error(s), 10 Warning(s).
Build Time Elapsed:  00:00:42
